
> demo-website@ build /home/gabriel/Projects/Personal/Open-Source/Mine/Websites/Terraprisma/apps/demo-website
> solid-start build

 solid-start build 
 version  0.3.7
 adapter  node

solid-start building client...
solid-start rendering index.html...
solid-start index.html rendered in: 2.018s
vite v4.4.11 building for production...
transforming...
../../node_modules/.pnpm/solid-start@0.3.7_@solidjs+meta@0.28.6_@solidjs+router@0.8.3_solid-js@1.8.3_solid-start-node@0.3.6_vite@4.4.11/node_modules/solid-start/islands/A.tsx (1:0) Module level directives cause errors when bundled, "use client" in "../../node_modules/.pnpm/solid-start@0.3.7_@solidjs+meta@0.28.6_@solidjs+router@0.8.3_solid-js@1.8.3_solid-start-node@0.3.6_vite@4.4.11/node_modules/solid-start/islands/A.tsx" was ignored.
✓ 101 modules transformed.
✓ built in 2.27s
[vite]: Rollup failed to resolve import "@solid-primitives/event-listener" from "/home/gabriel/Projects/Personal/Open-Source/Mine/Websites/Terraprisma/packages/navigation/src/Menu/Menu.tsx".
This is most likely unintended because it can break your application at runtime.
If you do want to externalize this module explicitly add it to
`build.rollupOptions.external`
file:///home/gabriel/Projects/Personal/Open-Source/Mine/Websites/Terraprisma/node_modules/.pnpm/vite@4.4.11_@types+node@18.18.4_sass@1.69.3/node_modules/vite/dist/node/chunks/dep-2b82a1ce.js:48205
                    throw new Error(`[vite]: Rollup failed to resolve import "${exporter}" from "${id}".\n` +
                          ^

Error: [vite]: Rollup failed to resolve import "@solid-primitives/event-listener" from "/home/gabriel/Projects/Personal/Open-Source/Mine/Websites/Terraprisma/packages/navigation/src/Menu/Menu.tsx".
This is most likely unintended because it can break your application at runtime.
If you do want to externalize this module explicitly add it to
`build.rollupOptions.external`
    at viteWarn (file:///home/gabriel/Projects/Personal/Open-Source/Mine/Websites/Terraprisma/node_modules/.pnpm/vite@4.4.11_@types+node@18.18.4_sass@1.69.3/node_modules/vite/dist/node/chunks/dep-2b82a1ce.js:48205:27)
    at onRollupWarning (file:///home/gabriel/Projects/Personal/Open-Source/Mine/Websites/Terraprisma/node_modules/.pnpm/vite@4.4.11_@types+node@18.18.4_sass@1.69.3/node_modules/vite/dist/node/chunks/dep-2b82a1ce.js:48237:9)
    at onwarn (file:///home/gabriel/Projects/Personal/Open-Source/Mine/Websites/Terraprisma/node_modules/.pnpm/vite@4.4.11_@types+node@18.18.4_sass@1.69.3/node_modules/vite/dist/node/chunks/dep-2b82a1ce.js:47965:13)
    at file:///home/gabriel/Projects/Personal/Open-Source/Mine/Websites/Terraprisma/node_modules/.pnpm/rollup@3.29.4/node_modules/rollup/dist/es/shared/node-entry.js:24276:13
    at Object.logger [as onLog] (file:///home/gabriel/Projects/Personal/Open-Source/Mine/Websites/Terraprisma/node_modules/.pnpm/rollup@3.29.4/node_modules/rollup/dist/es/shared/node-entry.js:25950:9)
    at ModuleLoader.handleInvalidResolvedId (file:///home/gabriel/Projects/Personal/Open-Source/Mine/Websites/Terraprisma/node_modules/.pnpm/rollup@3.29.4/node_modules/rollup/dist/es/shared/node-entry.js:24862:26)
    at file:///home/gabriel/Projects/Personal/Open-Source/Mine/Websites/Terraprisma/node_modules/.pnpm/rollup@3.29.4/node_modules/rollup/dist/es/shared/node-entry.js:24822:26 {
  watchFiles: [
    '/home/gabriel/Projects/Personal/Open-Source/Mine/Websites/Terraprisma/apps/demo-website/.solid/index.html',
    '\x00vite/modulepreload-polyfill',
    '/home/gabriel/Projects/Personal/Open-Source/Mine/Websites/Terraprisma/apps/demo-website/src/entry-client.tsx',
    '/home/gabriel/Projects/Personal/Open-Source/Mine/Websites/Terraprisma/apps/demo-website/package.json',
    '/home/gabriel/Projects/Personal/Open-Source/Mine/Websites/Terraprisma/node_modules/.pnpm/solid-js@1.8.3/node_modules/solid-js/web/dist/web.js',
    '/home/gabriel/Projects/Personal/Open-Source/Mine/Websites/Terraprisma/node_modules/.pnpm/solid-start@0.3.7_@solidjs+meta@0.28.6_@solidjs+router@0.8.3_solid-js@1.8.3_solid-start-node@0.3.6_vite@4.4.11/node_modules/solid-start/entry-client/index.tsx',
    '/home/gabriel/Projects/Personal/Open-Source/Mine/Websites/Terraprisma/node_modules/.pnpm/solid-js@1.8.3/node_modules/solid-js/dist/solid.js',
    '/home/gabriel/Projects/Personal/Open-Source/Mine/Websites/Terraprisma/node_modules/.pnpm/solid-start@0.3.7_@solidjs+meta@0.28.6_@solidjs+router@0.8.3_solid-js@1.8.3_solid-start-node@0.3.6_vite@4.4.11/node_modules/solid-start/entry-client/mount.tsx',
    '/home/gabriel/Projects/Personal/Open-Source/Mine/Websites/Terraprisma/node_modules/.pnpm/solid-start@0.3.7_@solidjs+meta@0.28.6_@solidjs+router@0.8.3_solid-js@1.8.3_solid-start-node@0.3.6_vite@4.4.11/node_modules/solid-start/entry-client/StartClient.tsx',
    '/home/gabriel/Projects/Personal/Open-Source/Mine/Websites/Terraprisma/node_modules/.pnpm/solid-start@0.3.7_@solidjs+meta@0.28.6_@solidjs+router@0.8.3_solid-js@1.8.3_solid-start-node@0.3.6_vite@4.4.11/node_modules/solid-start/islands/mount.tsx',
    '/home/gabriel/Projects/Personal/Open-Source/Mine/Websites/Terraprisma/node_modules/.pnpm/solid-start@0.3.7_@solidjs+meta@0.28.6_@solidjs+router@0.8.3_solid-js@1.8.3_solid-start-node@0.3.6_vite@4.4.11/node_modules/solid-start/islands/router.ts',
    '/home/gabriel/Projects/Personal/Open-Source/Mine/Websites/Terraprisma/node_modules/.pnpm/@solidjs+meta@0.28.6_solid-js@1.8.3/node_modules/@solidjs/meta/dist/index.jsx',
    '/home/gabriel/Projects/Personal/Open-Source/Mine/Websites/Terraprisma/node_modules/.pnpm/@solidjs+router@0.8.3_solid-js@1.8.3/node_modules/@solidjs/router/dist/index.jsx',
    '/home/gabriel/Projects/Personal/Open-Source/Mine/Websites/Terraprisma/node_modules/.pnpm/solid-start@0.3.7_@solidjs+meta@0.28.6_@solidjs+router@0.8.3_solid-js@1.8.3_solid-start-node@0.3.6_vite@4.4.11/node_modules/solid-start/server/ServerContext.tsx',
    '/home/gabriel/Projects/Personal/Open-Source/Mine/Websites/Terraprisma/node_modules/.pnpm/solid-start@0.3.7_@solidjs+meta@0.28.6_@solidjs+router@0.8.3_solid-js@1.8.3_solid-start-node@0.3.6_vite@4.4.11/node_modules/solid-start/server/types.tsx',
    '/home/gabriel/Projects/Personal/Open-Source/Mine/Websites/Terraprisma/apps/demo-website/src/root.tsx',
    '/home/gabriel/Projects/Personal/Open-Source/Mine/Websites/Terraprisma/node_modules/.pnpm/solid-js@1.8.3/node_modules/solid-js/store/dist/store.js',
    '/home/gabriel/Projects/Personal/Open-Source/Mine/Websites/Terraprisma/node_modules/.pnpm/micromorph@0.3.1/node_modules/micromorph/index.mjs',
    '\x00vite/preload-helper',
    '/home/gabriel/Projects/Personal/Open-Source/Mine/Websites/Terraprisma/node_modules/.pnpm/@solidjs+router@0.8.3_solid-js@1.8.3/node_modules/@solidjs/router/dist/integration.js',
    '/home/gabriel/Projects/Personal/Open-Source/Mine/Websites/Terraprisma/node_modules/.pnpm/@solidjs+router@0.8.3_solid-js@1.8.3/node_modules/@solidjs/router/dist/lifecycle.js',
    '/home/gabriel/Projects/Personal/Open-Source/Mine/Websites/Terraprisma/node_modules/.pnpm/@solidjs+router@0.8.3_solid-js@1.8.3/node_modules/@solidjs/router/dist/routing.js',
    '/home/gabriel/Projects/Personal/Open-Source/Mine/Websites/Terraprisma/node_modules/.pnpm/@solidjs+router@0.8.3_solid-js@1.8.3/node_modules/@solidjs/router/dist/utils.js',
    '/home/gabriel/Projects/Personal/Open-Source/Mine/Websites/Terraprisma/node_modules/.pnpm/@solidjs+router@0.8.3_solid-js@1.8.3/node_modules/@solidjs/router/dist/components.jsx',
    '/home/gabriel/Projects/Personal/Open-Source/Mine/Websites/Terraprisma/node_modules/.pnpm/solid-start@0.3.7_@solidjs+meta@0.28.6_@solidjs+router@0.8.3_solid-js@1.8.3_solid-start-node@0.3.6_vite@4.4.11/node_modules/solid-start/root/FileRoutes.tsx',
    '/home/gabriel/Projects/Personal/Open-Source/Mine/Websites/Terraprisma/node_modules/.pnpm/solid-start@0.3.7_@solidjs+meta@0.28.6_@solidjs+router@0.8.3_solid-js@1.8.3_solid-start-node@0.3.6_vite@4.4.11/node_modules/solid-start/index.tsx',
    '/home/gabriel/Projects/Personal/Open-Source/Mine/Websites/Terraprisma/packages/general/src/index.ts',
    '/home/gabriel/Projects/Personal/Open-Source/Mine/Websites/Terraprisma/packages/core/src/index.ts',
    '/home/gabriel/Projects/Personal/Open-Source/Mine/Websites/Terraprisma/node_modules/.pnpm/micromorph@0.3.1/node_modules/micromorph/dist/index.js',
    '/home/gabriel/Projects/Personal/Open-Source/Mine/Websites/Terraprisma/apps/demo-website/src/routes/Demo.tsx',
    '/home/gabriel/Projects/Personal/Open-Source/Mine/Websites/Terraprisma/apps/demo-website/src/routes/index.tsx',
    '/home/gabriel/Projects/Personal/Open-Source/Mine/Websites/Terraprisma/apps/demo-website/src/routes/showcase.tsx',
    '/home/gabriel/Projects/Personal/Open-Source/Mine/Websites/Terraprisma/node_modules/.pnpm/solid-start@0.3.7_@solidjs+meta@0.28.6_@solidjs+router@0.8.3_solid-js@1.8.3_solid-start-node@0.3.6_vite@4.4.11/node_modules/solid-start/data/index.ts',
    '/home/gabriel/Projects/Personal/Open-Source/Mine/Websites/Terraprisma/node_modules/.pnpm/solid-start@0.3.7_@solidjs+meta@0.28.6_@solidjs+router@0.8.3_solid-js@1.8.3_solid-start-node@0.3.6_vite@4.4.11/node_modules/solid-start/error-boundary/index.tsx',
    '/home/gabriel/Projects/Personal/Open-Source/Mine/Websites/Terraprisma/node_modules/.pnpm/solid-start@0.3.7_@solidjs+meta@0.28.6_@solidjs+router@0.8.3_solid-js@1.8.3_solid-start-node@0.3.6_vite@4.4.11/node_modules/solid-start/islands/index.tsx',
    '/home/gabriel/Projects/Personal/Open-Source/Mine/Websites/Terraprisma/node_modules/.pnpm/solid-start@0.3.7_@solidjs+meta@0.28.6_@solidjs+router@0.8.3_solid-js@1.8.3_solid-start-node@0.3.6_vite@4.4.11/node_modules/solid-start/root/index.tsx',
    '/home/gabriel/Projects/Personal/Open-Source/Mine/Websites/Terraprisma/node_modules/.pnpm/solid-start@0.3.7_@solidjs+meta@0.28.6_@solidjs+router@0.8.3_solid-js@1.8.3_solid-start-node@0.3.6_vite@4.4.11/node_modules/solid-start/router.tsx',
    '/home/gabriel/Projects/Personal/Open-Source/Mine/Websites/Terraprisma/node_modules/.pnpm/solid-start@0.3.7_@solidjs+meta@0.28.6_@solidjs+router@0.8.3_solid-js@1.8.3_solid-start-node@0.3.6_vite@4.4.11/node_modules/solid-start/server/responses.ts',
    '/home/gabriel/Projects/Personal/Open-Source/Mine/Websites/Terraprisma/node_modules/.pnpm/solid-start@0.3.7_@solidjs+meta@0.28.6_@solidjs+router@0.8.3_solid-js@1.8.3_solid-start-node@0.3.6_vite@4.4.11/node_modules/solid-start/session/index.ts',
    '/home/gabriel/Projects/Personal/Open-Source/Mine/Websites/Terraprisma/node_modules/.pnpm/solid-start@0.3.7_@solidjs+meta@0.28.6_@solidjs+router@0.8.3_solid-js@1.8.3_solid-start-node@0.3.6_vite@4.4.11/node_modules/solid-start/types.ts',
    '/home/gabriel/Projects/Personal/Open-Source/Mine/Websites/Terraprisma/apps/demo-website/src/components/DemoSteps/1-Address/index.tsx',
    '/home/gabriel/Projects/Personal/Open-Source/Mine/Websites/Terraprisma/apps/demo-website/src/components/DemoSteps/2-PaymentMethod/index.tsx',
    '/home/gabriel/Projects/Personal/Open-Source/Mine/Websites/Terraprisma/packages/layout/src/index.ts',
    '/home/gabriel/Projects/Personal/Open-Source/Mine/Websites/Terraprisma/packages/navigation/src/index.ts',
    '/home/gabriel/Projects/Personal/Open-Source/Mine/Websites/Terraprisma/packages/data-display/src/index.ts',
    '/home/gabriel/Projects/Personal/Open-Source/Mine/Websites/Terraprisma/packages/form/src/index.ts',
    '/home/gabriel/Projects/Personal/Open-Source/Mine/Websites/Terraprisma/packages/icons/src/index.ts',
    '/home/gabriel/Projects/Personal/Open-Source/Mine/Websites/Terraprisma/packages/transitions/src/index.ts',
    '/home/gabriel/Projects/Personal/Open-Source/Mine/Websites/Terraprisma/node_modules/.pnpm/solid-start@0.3.7_@solidjs+meta@0.28.6_@solidjs+router@0.8.3_solid-js@1.8.3_solid-start-node@0.3.6_vite@4.4.11/node_modules/solid-start/error-boundary/ErrorBoundary.tsx',
    '/home/gabriel/Projects/Personal/Open-Source/Mine/Websites/Terraprisma/node_modules/.pnpm/solid-start@0.3.7_@solidjs+meta@0.28.6_@solidjs+router@0.8.3_solid-js@1.8.3_solid-start-node@0.3.6_vite@4.4.11/node_modules/solid-start/islands/utils.tsx',
    '/home/gabriel/Projects/Personal/Open-Source/Mine/Websites/Terraprisma/node_modules/.pnpm/solid-start@0.3.7_@solidjs+meta@0.28.6_@solidjs+router@0.8.3_solid-js@1.8.3_solid-start-node@0.3.6_vite@4.4.11/node_modules/solid-start/islands/clientOnly.tsx',
    '/home/gabriel/Projects/Personal/Open-Source/Mine/Websites/Terraprisma/node_modules/.pnpm/solid-start@0.3.7_@solidjs+meta@0.28.6_@solidjs+router@0.8.3_solid-js@1.8.3_solid-start-node@0.3.6_vite@4.4.11/node_modules/solid-start/root/Document.tsx',
    '/home/gabriel/Projects/Personal/Open-Source/Mine/Websites/Terraprisma/node_modules/.pnpm/solid-start@0.3.7_@solidjs+meta@0.28.6_@solidjs+router@0.8.3_solid-js@1.8.3_solid-start-node@0.3.6_vite@4.4.11/node_modules/solid-start/root/InlineStyles.tsx',
    '/home/gabriel/Projects/Personal/Open-Source/Mine/Websites/Terraprisma/node_modules/.pnpm/solid-start@0.3.7_@solidjs+meta@0.28.6_@solidjs+router@0.8.3_solid-js@1.8.3_solid-start-node@0.3.6_vite@4.4.11/node_modules/solid-start/root/Links.tsx',
    '/home/gabriel/Projects/Personal/Open-Source/Mine/Websites/Terraprisma/node_modules/.pnpm/solid-start@0.3.7_@solidjs+meta@0.28.6_@solidjs+router@0.8.3_solid-js@1.8.3_solid-start-node@0.3.6_vite@4.4.11/node_modules/solid-start/root/Meta.tsx',
    '/home/gabriel/Projects/Personal/Open-Source/Mine/Websites/Terraprisma/node_modules/.pnpm/solid-start@0.3.7_@solidjs+meta@0.28.6_@solidjs+router@0.8.3_solid-js@1.8.3_solid-start-node@0.3.6_vite@4.4.11/node_modules/solid-start/root/Scripts.tsx',
    '/home/gabriel/Projects/Personal/Open-Source/Mine/Websites/Terraprisma/node_modules/.pnpm/solid-start@0.3.7_@solidjs+meta@0.28.6_@solidjs+router@0.8.3_solid-js@1.8.3_solid-start-node@0.3.6_vite@4.4.11/node_modules/solid-start/islands/A.tsx',
    '/home/gabriel/Projects/Personal/Open-Source/Mine/Websites/Terraprisma/node_modules/.pnpm/solid-start@0.3.7_@solidjs+meta@0.28.6_@solidjs+router@0.8.3_solid-js@1.8.3_solid-start-node@0.3.6_vite@4.4.11/node_modules/solid-start/islands/server-router.tsx',
    '/home/gabriel/Projects/Personal/Open-Source/Mine/Websites/Terraprisma/node_modules/.pnpm/solid-start@0.3.7_@solidjs+meta@0.28.6_@solidjs+router@0.8.3_solid-js@1.8.3_solid-start-node@0.3.6_vite@4.4.11/node_modules/solid-start/islands/useLocation.tsx',
    '/home/gabriel/Projects/Personal/Open-Source/Mine/Websites/Terraprisma/node_modules/.pnpm/solid-start@0.3.7_@solidjs+meta@0.28.6_@solidjs+router@0.8.3_solid-js@1.8.3_solid-start-node@0.3.6_vite@4.4.11/node_modules/solid-start/data/createRouteAction.tsx',
    '/home/gabriel/Projects/Personal/Open-Source/Mine/Websites/Terraprisma/node_modules/.pnpm/solid-start@0.3.7_@solidjs+meta@0.28.6_@solidjs+router@0.8.3_solid-js@1.8.3_solid-start-node@0.3.6_vite@4.4.11/node_modules/solid-start/data/createRouteData.tsx',
    '/home/gabriel/Projects/Personal/Open-Source/Mine/Websites/Terraprisma/node_modules/.pnpm/solid-start@0.3.7_@solidjs+meta@0.28.6_@solidjs+router@0.8.3_solid-js@1.8.3_solid-start-node@0.3.6_vite@4.4.11/node_modules/solid-start/data/FormError.tsx',
    '/home/gabriel/Projects/Personal/Open-Source/Mine/Websites/Terraprisma/node_modules/.pnpm/solid-start@0.3.7_@solidjs+meta@0.28.6_@solidjs+router@0.8.3_solid-js@1.8.3_solid-start-node@0.3.6_vite@4.4.11/node_modules/solid-start/session/cookies.ts',
    '/home/gabriel/Projects/Personal/Open-Source/Mine/Websites/Terraprisma/node_modules/.pnpm/solid-start@0.3.7_@solidjs+meta@0.28.6_@solidjs+router@0.8.3_solid-js@1.8.3_solid-start-node@0.3.6_vite@4.4.11/node_modules/solid-start/session/cookieSigning.ts',
    '/home/gabriel/Projects/Personal/Open-Source/Mine/Websites/Terraprisma/node_modules/.pnpm/solid-start@0.3.7_@solidjs+meta@0.28.6_@solidjs+router@0.8.3_solid-js@1.8.3_solid-start-node@0.3.6_vite@4.4.11/node_modules/solid-start/session/cookieStorage.ts',
    '/home/gabriel/Projects/Personal/Open-Source/Mine/Websites/Terraprisma/node_modules/.pnpm/solid-start@0.3.7_@solidjs+meta@0.28.6_@solidjs+router@0.8.3_solid-js@1.8.3_solid-start-node@0.3.6_vite@4.4.11/node_modules/solid-start/session/memoryStorage.ts',
    '/home/gabriel/Projects/Personal/Open-Source/Mine/Websites/Terraprisma/node_modules/.pnpm/solid-start@0.3.7_@solidjs+meta@0.28.6_@solidjs+router@0.8.3_solid-js@1.8.3_solid-start-node@0.3.6_vite@4.4.11/node_modules/solid-start/session/sessions.ts',
    '/home/gabriel/Projects/Personal/Open-Source/Mine/Websites/Terraprisma/node_modules/.pnpm/solid-start@0.3.7_@solidjs+meta@0.28.6_@solidjs+router@0.8.3_solid-js@1.8.3_solid-start-node@0.3.6_vite@4.4.11/node_modules/solid-start/session/cookie.ts',
    '/home/gabriel/Projects/Personal/Open-Source/Mine/Websites/Terraprisma/node_modules/.pnpm/solid-start@0.3.7_@solidjs+meta@0.28.6_@solidjs+router@0.8.3_solid-js@1.8.3_solid-start-node@0.3.6_vite@4.4.11/node_modules/solid-start/root/routeLayouts.tsx',
    '/home/gabriel/Projects/Personal/Open-Source/Mine/Websites/Terraprisma/node_modules/.pnpm/solid-start@0.3.7_@solidjs+meta@0.28.6_@solidjs+router@0.8.3_solid-js@1.8.3_solid-start-node@0.3.6_vite@4.4.11/node_modules/solid-start/root/assets.tsx',
    '/home/gabriel/Projects/Personal/Open-Source/Mine/Websites/Terraprisma/packages/core/package.json',
    '/home/gabriel/Projects/Personal/Open-Source/Mine/Websites/Terraprisma/packages/general/package.json',
    '/home/gabriel/Projects/Personal/Open-Source/Mine/Websites/Terraprisma/packages/core/src/themes/index.ts',
    '/home/gabriel/Projects/Personal/Open-Source/Mine/Websites/Terraprisma/packages/core/src/factories/index.ts',
    '/home/gabriel/Projects/Personal/Open-Source/Mine/Websites/Terraprisma/packages/core/src/Theme.ts',
    '/home/gabriel/Projects/Personal/Open-Source/Mine/Websites/Terraprisma/packages/core/src/generateStyleVariablesFrom.ts',
    '/home/gabriel/Projects/Personal/Open-Source/Mine/Websites/Terraprisma/packages/general/src/index.css',
    '/home/gabriel/Projects/Personal/Open-Source/Mine/Websites/Terraprisma/packages/general/src/ThemeProvider.tsx',
    '/home/gabriel/Projects/Personal/Open-Source/Mine/Websites/Terraprisma/packages/general/src/Ripple.tsx',
    '/home/gabriel/Projects/Personal/Open-Source/Mine/Websites/Terraprisma/packages/general/src/Buttons/Button.tsx',
    '/home/gabriel/Projects/Personal/Open-Source/Mine/Websites/Terraprisma/packages/general/src/Buttons/TextButton.tsx',
    '/home/gabriel/Projects/Personal/Open-Source/Mine/Websites/Terraprisma/packages/general/src/Buttons/OutlinedButton.tsx',
    '/home/gabriel/Projects/Personal/Open-Source/Mine/Websites/Terraprisma/packages/general/src/Buttons/IconButton.tsx',
    '/home/gabriel/Projects/Personal/Open-Source/Mine/Websites/Terraprisma/packages/general/src/List/List.tsx',
    '/home/gabriel/Projects/Personal/Open-Source/Mine/Websites/Terraprisma/packages/general/src/List/ListItem.tsx',
    '/home/gabriel/Projects/Personal/Open-Source/Mine/Websites/Terraprisma/packages/general/src/List/ListItemWithDetails.tsx',
    '/home/gabriel/Projects/Personal/Open-Source/Mine/Websites/Terraprisma/packages/general/src/Box.tsx',
    '/home/gabriel/Projects/Personal/Open-Source/Mine/Websites/Terraprisma/packages/general/src/Dropdown.tsx',
    '/home/gabriel/Projects/Personal/Open-Source/Mine/Websites/Terraprisma/packages/general/src/Dialog.tsx',
    '/home/gabriel/Projects/Personal/Open-Source/Mine/Websites/Terraprisma/node_modules/.pnpm/solid-start@0.3.7_@solidjs+meta@0.28.6_@solidjs+router@0.8.3_solid-js@1.8.3_solid-start-node@0.3.6_vite@4.4.11/node_modules/solid-start/data/Form.tsx',
    '/home/gabriel/Projects/Personal/Open-Source/Mine/Websites/Terraprisma/packages/layout/package.json',
    '/home/gabriel/Projects/Personal/Open-Source/Mine/Websites/Terraprisma/packages/transitions/package.json',
    '/home/gabriel/Projects/Personal/Open-Source/Mine/Websites/Terraprisma/packages/layout/src/index.css',
    '/home/gabriel/Projects/Personal/Open-Source/Mine/Websites/Terraprisma/packages/layout/src/Container.tsx',
    '/home/gabriel/Projects/Personal/Open-Source/Mine/Websites/Terraprisma/packages/layout/src/Stack.tsx',
    '/home/gabriel/Projects/Personal/Open-Source/Mine/Websites/Terraprisma/packages/layout/src/Divisor.tsx',
    '/home/gabriel/Projects/Personal/Open-Source/Mine/Websites/Terraprisma/packages/layout/src/grid/index.ts',
    '/home/gabriel/Projects/Personal/Open-Source/Mine/Websites/Terraprisma/packages/transitions/src/GrowFade/GrowFade.tsx',
    '/home/gabriel/Projects/Personal/Open-Source/Mine/Websites/Terraprisma/packages/transitions/src/Fade/Fade.tsx',
    '/home/gabriel/Projects/Personal/Open-Source/Mine/Websites/Terraprisma/packages/transitions/src/Collapse/Collapse.tsx',
    ... 34 more items
  ]
}

Node.js v20.8.0
 ELIFECYCLE  Command failed with exit code 1.
