
> @grapos/data-display@0.0.0-20230829170706 build /home/gabriel/Projects/Personal/Terraprisma/packages/data-display
> rollup -c ./rollup.config.js && cp package.json lib/package.json && cp README.md lib/README.md

[36m
[1m./src/index.ts[22m → [1m./lib/index.jsx[22m...[39m
[1m[33m(!) Unresolved dependencies[39m[22m
[90mhttps://rollupjs.org/troubleshooting/#warning-treating-module-as-external-dependency[39m
[1msolid-js[22m (imported by "src/Tooltip/Tooltip.tsx", "src/Table/Table.tsx" and "src/List/List.tsx")
[1m@grapos/utils[22m (imported by "src/Tooltip/Tooltip.tsx", "src/Table/Table.tsx" and "src/List/List.tsx")
[1m@grapos/icons[22m (imported by "src/Tooltip/Tooltip.tsx" and "src/List/List.tsx")
[1msolid-js/web[22m (imported by "src/Table/Table.tsx")
[1m@grapos/core[22m (imported by "src/Table/Table.tsx" and "src/List/List.tsx")
[1m@grapos/layout[22m (imported by "src/List/List.tsx")
[1m@grapos/transitions[22m (imported by "src/List/List.tsx")
[1m[33m(!) Plugin typescript: @rollup/plugin-typescript TS2688: Cannot find type definition file for 'node'.
  The file is in the program because:
    Entry point of type library 'node' specified in compilerOptions[39m[22m
[1m[33m(!) Plugin typescript: @rollup/plugin-typescript TS2688: Cannot find type definition file for 'vite/client'.
  The file is in the program because:
    Entry point of type library 'vite/client' specified in compilerOptions[39m[22m
[32mcreated [1m./lib/index.jsx[22m in [1m2s[22m[39m
