
> demo-website@ build /home/gabrielmfern/Projects/Personal/Open-Source/Mine/websites/grapes-project/websites/demo-website
> solid-start build

 solid-start build 
 version  0.3.4
 adapter  node

solid-start building client...
solid-start rendering index.html...
solid-start index.html rendered in: 1.535s
vite v4.4.9 building for production...
transforming...
../../node_modules/.pnpm/solid-start@0.3.4_@solidjs+meta@0.28.6_@solidjs+router@0.8.3_solid-js@1.7.11_solid-start-node@0.3.4_vite@4.4.9/node_modules/solid-start/islands/A.tsx (1:0) Module level directives cause errors when bundled, "use client" in "../../node_modules/.pnpm/solid-start@0.3.4_@solidjs+meta@0.28.6_@solidjs+router@0.8.3_solid-js@1.7.11_solid-start-node@0.3.4_vite@4.4.9/node_modules/solid-start/islands/A.tsx" was ignored.
✓ 80 modules transformed.
rendering chunks...
computing gzip size...
dist/public/.solid/index.html                                    0.13 kB │ gzip:  0.13 kB
dist/public/manifest.json                                        2.47 kB │ gzip:  0.49 kB
dist/public/ssr-manifest.json                                    6.09 kB │ gzip:  0.85 kB
dist/public/assets/material-symbols-sharp-5e8b2862.woff2     2,535.64 kB
dist/public/assets/material-symbols-outlined-ba77dc83.woff2  2,852.45 kB
dist/public/assets/material-symbols-rounded-e7c5b465.woff2   3,697.10 kB
dist/public/assets/index-6a431300.css                            1.63 kB │ gzip:  0.38 kB
dist/public/assets/TypographyTest-b2aa361a.js                    1.67 kB │ gzip:  0.84 kB
dist/public/assets/index-70db8d91.js                             4.72 kB │ gzip:  1.72 kB
dist/public/assets/Demo-3be5a995.js                              4.90 kB │ gzip:  1.68 kB
dist/public/assets/(DesignShowcase)-cf496472.js                  5.65 kB │ gzip:  1.67 kB
dist/public/assets/index-b123aaa1.js                            95.74 kB │ gzip: 32.34 kB
dist/public/assets/index-3d769b70.js                           196.01 kB │ gzip: 66.78 kB
✓ built in 1.89s
solid-start client built in: 3.453s

solid-start building server...
vite v4.4.9 building SSR bundle for production...
transforming...
../../node_modules/.pnpm/solid-start@0.3.4_@solidjs+meta@0.28.6_@solidjs+router@0.8.3_solid-js@1.7.11_solid-start-node@0.3.4_vite@4.4.9/node_modules/solid-start/islands/A.tsx (1:0) Module level directives cause errors when bundled, "use client" in "../../node_modules/.pnpm/solid-start@0.3.4_@solidjs+meta@0.28.6_@solidjs+router@0.8.3_solid-js@1.7.11_solid-start-node@0.3.4_vite@4.4.9/node_modules/solid-start/islands/A.tsx" was ignored.
✓ 64 modules transformed.
rendering chunks...
.solid/server/manifest.json     0.12 kB
.solid/server/entry-server.js  66.36 kB
✓ built in 564ms
solid-start server built in: 588.259ms

