
> @grapos/form@0.0.0-1 build /home/gabrielmfern/Projects/Personal/Open-Source/Mine/websites/grapes-project/packages/form
> tsc --build ./tsconfig.build.json && node-sass ./src -o ./lib && node ../convert-scss-to-css-in-build.js && cp package.json lib/package.json

Rendering Complete, saving .css file...
Wrote CSS to /home/gabrielmfern/Projects/Personal/Open-Source/Mine/websites/grapes-project/packages/form/lib/fields/ButtonChooser/ButtonChooser.css
Rendering Complete, saving .css file...
Wrote CSS to /home/gabrielmfern/Projects/Personal/Open-Source/Mine/websites/grapes-project/packages/form/lib/fields/Checkbox/Checkbox.css
Rendering Complete, saving .css file...
Wrote CSS to /home/gabrielmfern/Projects/Personal/Open-Source/Mine/websites/grapes-project/packages/form/lib/fields/Datepicker/Datepicker.css
Rendering Complete, saving .css file...
Wrote CSS to /home/gabrielmfern/Projects/Personal/Open-Source/Mine/websites/grapes-project/packages/form/lib/fields/Input/Input.css
Rendering Complete, saving .css file...
Wrote CSS to /home/gabrielmfern/Projects/Personal/Open-Source/Mine/websites/grapes-project/packages/form/lib/fields/RadioGroup/RadioGroup.css
Rendering Complete, saving .css file...
Wrote CSS to /home/gabrielmfern/Projects/Personal/Open-Source/Mine/websites/grapes-project/packages/form/lib/fields/Select/Select.css
Rendering Complete, saving .css file...
Wrote CSS to /home/gabrielmfern/Projects/Personal/Open-Source/Mine/websites/grapes-project/packages/form/lib/fields/Slider/Slider.css
Rendering Complete, saving .css file...
Wrote CSS to /home/gabrielmfern/Projects/Personal/Open-Source/Mine/websites/grapes-project/packages/form/lib/fields/TextArea/TextArea.css
Rendering Complete, saving .css file...
Wrote CSS to /home/gabrielmfern/Projects/Personal/Open-Source/Mine/websites/grapes-project/packages/form/lib/fields/Toggler/Toggler.css
Rendering Complete, saving .css file...
Wrote CSS to /home/gabrielmfern/Projects/Personal/Open-Source/Mine/websites/grapes-project/packages/form/lib/fields/utils/components/FieldInternalWrapper/FieldInternalWrapper.css
Rendering Complete, saving .css file...
Wrote CSS to /home/gabrielmfern/Projects/Personal/Open-Source/Mine/websites/grapes-project/packages/form/lib/fields/utils/components/InputContainer/InputContainer.css
Rendering Complete, saving .css file...
Wrote CSS to /home/gabrielmfern/Projects/Personal/Open-Source/Mine/websites/grapes-project/packages/form/lib/fields/utils/components/Label/Label.css
Wrote 12 CSS files to /home/gabrielmfern/Projects/Personal/Open-Source/Mine/websites/grapes-project/packages/form/lib
